GET /posts at Wed Mar 14 2018 11:32:26 GMT+0100 (W. Europe Standard Time)
GET /posts/5aa67ec74742dc3044abe013 at Wed Mar 14 2018 11:33:10 GMT+0100 (W. Europe Standard Time)
POST /users/signup at Wed Mar 14 2018 11:34:05 GMT+0100 (W. Europe Standard Time)
POST /users/signup at Wed Mar 14 2018 11:34:42 GMT+0100 (W. Europe Standard Time)
POST /users/signup at Wed Mar 14 2018 11:35:15 GMT+0100 (W. Europe Standard Time)
GET /posts at Wed Mar 14 2018 11:46:42 GMT+0100 (W. Europe Standard Time)
GET /posts at Wed Mar 14 2018 11:47:15 GMT+0100 (W. Europe Standard Time)
GET /posts at Wed Mar 14 2018 11:47:42 GMT+0100 (W. Europe Standard Time)
GET /login.html at Wed Mar 14 2018 13:47:08 GMT+0100 (W. Europe Standard Time)
POST /users/login at Wed Mar 14 2018 14:23:54 GMT+0100 (W. Europe Standard Time)
POST /users/login at Wed Mar 14 2018 14:26:44 GMT+0100 (W. Europe Standard Time)
POST /users/login at Wed Mar 14 2018 14:26:47 GMT+0100 (W. Europe Standard Time)
POST /users/login at Wed Mar 14 2018 14:28:44 GMT+0100 (W. Europe Standard Time)
POST /users/login at Wed Mar 14 2018 14:29:37 GMT+0100 (W. Europe Standard Time)
POST /users/login at Wed Mar 14 2018 14:32:46 GMT+0100 (W. Europe Standard Time)
POST /users/login at Wed Mar 14 2018 14:43:35 GMT+0100 (W. Europe Standard Time)
POST /users/login at Wed Mar 14 2018 14:44:10 GMT+0100 (W. Europe Standard Time)
POST /users/login at Wed Mar 14 2018 14:46:31 GMT+0100 (W. Europe Standard Time)
POST /users/login at Wed Mar 14 2018 14:46:41 GMT+0100 (W. Europe Standard Time)
POST /users/login at Wed Mar 14 2018 14:47:08 GMT+0100 (W. Europe Standard Time)
POST /users/login at Wed Mar 14 2018 14:49:22 GMT+0100 (W. Europe Standard Time)
GET /favicon.ico at Wed Mar 14 2018 15:11:01 GMT+0100 (W. Europe Standard Time)
POST /users/login at Wed Mar 14 2018 15:11:48 GMT+0100 (W. Europe Standard Time)
POST /users/login at Wed Mar 14 2018 15:59:28 GMT+0100 (W. Europe Standard Time)
POST /users/login at Wed Mar 14 2018 15:59:30 GMT+0100 (W. Europe Standard Time)
POST /users/login at Wed Mar 14 2018 15:59:49 GMT+0100 (W. Europe Standard Time)
POST /users/login at Wed Mar 14 2018 16:00:07 GMT+0100 (W. Europe Standard Time)
POST /users/login at Wed Mar 14 2018 16:00:28 GMT+0100 (W. Europe Standard Time)
POST /users/signup at Wed Mar 14 2018 16:06:00 GMT+0100 (W. Europe Standard Time)
POST /users/login at Wed Mar 14 2018 16:06:37 GMT+0100 (W. Europe Standard Time)
POST /users/login at Wed Mar 14 2018 16:07:04 GMT+0100 (W. Europe Standard Time)
POST /users/login at Wed Mar 14 2018 16:41:08 GMT+0100 (W. Europe Standard Time)
POST /users/login at Wed Mar 14 2018 16:41:38 GMT+0100 (W. Europe Standard Time)
GET /blogs/eyJhbGciOiJIUzI1NiJ9.eyJfaWQiOiI1YWE5M2E1ODQ3ZWViNDI3MzQ1ZDc2MmUifQ.OZh9TTv2-wt_X7l_t58KM7MoCJyAXajsqdDRgVaj-UA at Wed Mar 14 2018 16:41:38 GMT+0100 (W. Europe Standard Time)
GET /blogs/eyJhbGciOiJIUzI1NiJ9.eyJfaWQiOiI1YWE5M2E1ODQ3ZWViNDI3MzQ1ZDc2MmUifQ.OZh9TTv2-wt_X7l_t58KM7MoCJyAXajsqdDRgVaj-UA at Wed Mar 14 2018 16:46:46 GMT+0100 (W. Europe Standard Time)
GET /blogs/eyJhbGciOiJIUzI1NiJ9.eyJfaWQiOiI1YWE5M2E1ODQ3ZWViNDI3MzQ1ZDc2MmUifQ.OZh9TTv2-wt_X7l_t58KM7MoCJyAXajsqdDRgVaj-UA at Wed Mar 14 2018 16:51:33 GMT+0100 (W. Europe Standard Time)
GET /blogs/eyJhbGciOiJIUzI1NiJ9.eyJfaWQiOiI1YWE5M2E1ODQ3ZWViNDI3MzQ1ZDc2MmUifQ.OZh9TTv2-wt_X7l_t58KM7MoCJyAXajsqdDRgVaj-UA at Wed Mar 14 2018 16:51:42 GMT+0100 (W. Europe Standard Time)
GET /blogs/eyJhbGciOiJIUzI1NiJ9.eyJfaWQiOiI1YWE5M2E1ODQ3ZWViNDI3MzQ1ZDc2MmUifQ.OZh9TTv2-wt_X7l_t58KM7MoCJyAXajsqdDRgVaj-UA at Wed Mar 14 2018 17:05:47 GMT+0100 (W. Europe Standard Time)
GET /blogs/eyJhbGciOiJIUzI1NiJ9.eyJfaWQiOiI1YWE5M2E1ODQ3ZWViNDI3MzQ1ZDc2MmUifQ.OZh9TTv2-wt_X7l_t58KM7MoCJyAXajsqdDRgVaj-UA at Wed Mar 14 2018 17:05:59 GMT+0100 (W. Europe Standard Time)
GET /blogs/eyJhbGciOiJIUzI1NiJ9.eyJfaWQiOiI1YWE5M2E1ODQ3ZWViNDI3MzQ1ZDc2MmUifQ.OZh9TTv2-wt_X7l_t58KM7MoCJyAXajsqdDRgVaj-UA at Wed Mar 14 2018 17:06:55 GMT+0100 (W. Europe Standard Time)
GET /blogs/eyJhbGciOiJIUzI1NiJ9.eyJfaWQiOiI1YWE5M2E1ODQ3ZWViNDI3MzQ1ZDc2MmUifQ.OZh9TTv2-wt_X7l_t58KM7MoCJyAXajsqdDRgVaj-UA at Wed Mar 14 2018 17:07:57 GMT+0100 (W. Europe Standard Time)
GET /blogs/eyJhbGciOiJIUzI1NiJ9.eyJfaWQiOiI1YWE5M2E1ODQ3ZWViNDI3MzQ1ZDc2MmUifQ.OZh9TTv2-wt_X7l_t58KM7MoCJyAXajsqdDRgVaj-UA at Wed Mar 14 2018 17:10:18 GMT+0100 (W. Europe Standard Time)
GET /blogs/eyJhbGciOiJIUzI1NiJ9.eyJfaWQiOiI1YWE5M2E1ODQ3ZWViNDI3MzQ1ZDc2MmUifQ.OZh9TTv2-wt_X7l_t58KM7MoCJyAXajsqdDRgVaj-UA at Wed Mar 14 2018 17:10:44 GMT+0100 (W. Europe Standard Time)
GET /blogs/eyJhbGciOiJIUzI1NiJ9.eyJfaWQiOiI1YWE5M2E1ODQ3ZWViNDI3MzQ1ZDc2MmUifQ.OZh9TTv2-wt_X7l_t58KM7MoCJyAXajsqdDRgVaj-UA at Wed Mar 14 2018 17:13:41 GMT+0100 (W. Europe Standard Time)
GET /blogs/eyJhbGciOiJIUzI1NiJ9.eyJfaWQiOiI1YWE5M2E1ODQ3ZWViNDI3MzQ1ZDc2MmUifQ.OZh9TTv2-wt_X7l_t58KM7MoCJyAXajsqdDRgVaj-UA at Wed Mar 14 2018 17:14:42 GMT+0100 (W. Europe Standard Time)
GET /blogs/eyJhbGciOiJIUzI1NiJ9.eyJfaWQiOiI1YWE5M2E1ODQ3ZWViNDI3MzQ1ZDc2MmUifQ.OZh9TTv2-wt_X7l_t58KM7MoCJyAXajsqdDRgVaj-UA at Wed Mar 14 2018 17:15:44 GMT+0100 (W. Europe Standard Time)
GET /blogs/eyJhbGciOiJIUzI1NiJ9.eyJfaWQiOiI1YWE5M2E1ODQ3ZWViNDI3MzQ1ZDc2MmUifQ.OZh9TTv2-wt_X7l_t58KM7MoCJyAXajsqdDRgVaj-UA at Wed Mar 14 2018 17:16:22 GMT+0100 (W. Europe Standard Time)
GET /blogs/eyJhbGciOiJIUzI1NiJ9.eyJfaWQiOiI1YWE5M2E1ODQ3ZWViNDI3MzQ1ZDc2MmUifQ.OZh9TTv2-wt_X7l_t58KM7MoCJyAXajsqdDRgVaj-UA at Wed Mar 14 2018 17:16:25 GMT+0100 (W. Europe Standard Time)
GET /blogs/eyJhbGciOiJIUzI1NiJ9.eyJfaWQiOiI1YWE5M2E1ODQ3ZWViNDI3MzQ1ZDc2MmUifQ.OZh9TTv2-wt_X7l_t58KM7MoCJyAXajsqdDRgVaj-UA at Wed Mar 14 2018 17:16:31 GMT+0100 (W. Europe Standard Time)
GET /blogs/eyJhbGciOiJIUzI1NiJ9.eyJfaWQiOiI1YWE5M2E1ODQ3ZWViNDI3MzQ1ZDc2MmUifQ.OZh9TTv2-wt_X7l_t58KM7MoCJyAXajsqdDRgVaj-UA at Wed Mar 14 2018 17:18:13 GMT+0100 (W. Europe Standard Time)
GET /blogs/eyJhbGciOiJIUzI1NiJ9.eyJfaWQiOiI1YWE5M2E1ODQ3ZWViNDI3MzQ1ZDc2MmUifQ.OZh9TTv2-wt_X7l_t58KM7MoCJyAXajsqdDRgVaj-UA at Wed Mar 14 2018 17:19:40 GMT+0100 (W. Europe Standard Time)
GET /blogs/eyJhbGciOiJIUzI1NiJ9.eyJfaWQiOiI1YWE5M2E1ODQ3ZWViNDI3MzQ1ZDc2MmUifQ.OZh9TTv2-wt_X7l_t58KM7MoCJyAXajsqdDRgVaj-UA at Wed Mar 14 2018 17:22:45 GMT+0100 (W. Europe Standard Time)
GET /blogs/eyJhbGciOiJIUzI1NiJ9.eyJfaWQiOiI1YWE5M2E1ODQ3ZWViNDI3MzQ1ZDc2MmUifQ.OZh9TTv2-wt_X7l_t58KM7MoCJyAXajsqdDRgVaj-UA at Wed Mar 14 2018 17:25:09 GMT+0100 (W. Europe Standard Time)
GET /blogs/eyJhbGciOiJIUzI1NiJ9.eyJfaWQiOiI1YWE5M2E1ODQ3ZWViNDI3MzQ1ZDc2MmUifQ.OZh9TTv2-wt_X7l_t58KM7MoCJyAXajsqdDRgVaj-UA at Wed Mar 14 2018 17:25:15 GMT+0100 (W. Europe Standard Time)
GET /blogs/eyJhbGciOiJIUzI1NiJ9.eyJfaWQiOiI1YWE5M2E1ODQ3ZWViNDI3MzQ1ZDc2MmUifQ.OZh9TTv2-wt_X7l_t58KM7MoCJyAXajsqdDRgVaj-UA at Wed Mar 14 2018 17:27:53 GMT+0100 (W. Europe Standard Time)
GET /blogs/eyJhbGciOiJIUzI1NiJ9.eyJfaWQiOiI1YWE5M2E1ODQ3ZWViNDI3MzQ1ZDc2MmUifQ.OZh9TTv2-wt_X7l_t58KM7MoCJyAXajsqdDRgVaj-UA at Wed Mar 14 2018 17:29:02 GMT+0100 (W. Europe Standard Time)
GET /blogs/eyJhbGciOiJIUzI1NiJ9.eyJfaWQiOiI1YWE5M2E1ODQ3ZWViNDI3MzQ1ZDc2MmUifQ.OZh9TTv2-wt_X7l_t58KM7MoCJyAXajsqdDRgVaj-UA at Wed Mar 14 2018 17:29:41 GMT+0100 (W. Europe Standard Time)
GET /blogs/eyJhbGciOiJIUzI1NiJ9.eyJfaWQiOiI1YWE5M2E1ODQ3ZWViNDI3MzQ1ZDc2MmUifQ.OZh9TTv2-wt_X7l_t58KM7MoCJyAXajsqdDRgVaj-UA at Wed Mar 14 2018 17:30:00 GMT+0100 (W. Europe Standard Time)
GET /blogs/eyJhbGciOiJIUzI1NiJ9.eyJfaWQiOiI1YWE5M2E1ODQ3ZWViNDI3MzQ1ZDc2MmUifQ.OZh9TTv2-wt_X7l_t58KM7MoCJyAXajsqdDRgVaj-UA at Wed Mar 14 2018 17:31:44 GMT+0100 (W. Europe Standard Time)
GET /blogs/eyJhbGciOiJIUzI1NiJ9.eyJfaWQiOiI1YWE5M2E1ODQ3ZWViNDI3MzQ1ZDc2MmUifQ.OZh9TTv2-wt_X7l_t58KM7MoCJyAXajsqdDRgVaj-UA at Wed Mar 14 2018 17:32:19 GMT+0100 (W. Europe Standard Time)
GET /blogs/eyJhbGciOiJIUzI1NiJ9.eyJfaWQiOiI1YWE5M2E1ODQ3ZWViNDI3MzQ1ZDc2MmUifQ.OZh9TTv2-wt_X7l_t58KM7MoCJyAXajsqdDRgVaj-UA at Wed Mar 14 2018 17:35:14 GMT+0100 (W. Europe Standard Time)
GET /blogs/eyJhbGciOiJIUzI1NiJ9.eyJfaWQiOiI1YWE5M2E1ODQ3ZWViNDI3MzQ1ZDc2MmUifQ.OZh9TTv2-wt_X7l_t58KM7MoCJyAXajsqdDRgVaj-UA at Wed Mar 14 2018 17:35:53 GMT+0100 (W. Europe Standard Time)
GET /blogs/eyJhbGciOiJIUzI1NiJ9.eyJfaWQiOiI1YWE5M2E1ODQ3ZWViNDI3MzQ1ZDc2MmUifQ.OZh9TTv2-wt_X7l_t58KM7MoCJyAXajsqdDRgVaj-UA at Wed Mar 14 2018 17:36:20 GMT+0100 (W. Europe Standard Time)
GET /blogs/eyJhbGciOiJIUzI1NiJ9.eyJfaWQiOiI1YWE5M2E1ODQ3ZWViNDI3MzQ1ZDc2MmUifQ.OZh9TTv2-wt_X7l_t58KM7MoCJyAXajsqdDRgVaj-UA at Wed Mar 14 2018 17:36:52 GMT+0100 (W. Europe Standard Time)
GET /blogs/eyJhbGciOiJIUzI1NiJ9.eyJfaWQiOiI1YWE5M2E1ODQ3ZWViNDI3MzQ1ZDc2MmUifQ.OZh9TTv2-wt_X7l_t58KM7MoCJyAXajsqdDRgVaj-UA at Wed Mar 14 2018 17:37:41 GMT+0100 (W. Europe Standard Time)
GET /blogs/eyJhbGciOiJIUzI1NiJ9.eyJfaWQiOiI1YWE5M2E1ODQ3ZWViNDI3MzQ1ZDc2MmUifQ.OZh9TTv2-wt_X7l_t58KM7MoCJyAXajsqdDRgVaj-UA at Wed Mar 14 2018 17:38:51 GMT+0100 (W. Europe Standard Time)
GET /blogs/eyJhbGciOiJIUzI1NiJ9.eyJfaWQiOiI1YWE5M2E1ODQ3ZWViNDI3MzQ1ZDc2MmUifQ.OZh9TTv2-wt_X7l_t58KM7MoCJyAXajsqdDRgVaj-UA at Wed Mar 14 2018 17:47:36 GMT+0100 (W. Europe Standard Time)
GET /blogs/eyJhbGciOiJIUzI1NiJ9.eyJfaWQiOiI1YWE5M2E1ODQ3ZWViNDI3MzQ1ZDc2MmUifQ.OZh9TTv2-wt_X7l_t58KM7MoCJyAXajsqdDRgVaj-UA at Wed Mar 14 2018 17:47:51 GMT+0100 (W. Europe Standard Time)
GET /blogs/eyJhbGciOiJIUzI1NiJ9.eyJfaWQiOiI1YWE5M2E1ODQ3ZWViNDI3MzQ1ZDc2MmUifQ.OZh9TTv2-wt_X7l_t58KM7MoCJyAXajsqdDRgVaj-UA at Wed Mar 14 2018 17:47:58 GMT+0100 (W. Europe Standard Time)
GET /blogs/eyJhbGciOiJIUzI1NiJ9.eyJfaWQiOiI1YWE5M2E1ODQ3ZWViNDI3MzQ1ZDc2MmUifQ.OZh9TTv2-wt_X7l_t58KM7MoCJyAXajsqdDRgVaj-UA at Wed Mar 14 2018 17:48:22 GMT+0100 (W. Europe Standard Time)
GET /blogs/eyJhbGciOiJIUzI1NiJ9.eyJfaWQiOiI1YWE5M2E1ODQ3ZWViNDI3MzQ1ZDc2MmUifQ.OZh9TTv2-wt_X7l_t58KM7MoCJyAXajsqdDRgVaj-UA at Wed Mar 14 2018 17:51:03 GMT+0100 (W. Europe Standard Time)
GET /blogs/eyJhbGciOiJIUzI1NiJ9.eyJfaWQiOiI1YWE5M2E1ODQ3ZWViNDI3MzQ1ZDc2MmUifQ.OZh9TTv2-wt_X7l_t58KM7MoCJyAXajsqdDRgVaj-UA at Wed Mar 14 2018 17:51:19 GMT+0100 (W. Europe Standard Time)
GET /blogs/eyJhbGciOiJIUzI1NiJ9.eyJfaWQiOiI1YWE5M2E1ODQ3ZWViNDI3MzQ1ZDc2MmUifQ.OZh9TTv2-wt_X7l_t58KM7MoCJyAXajsqdDRgVaj-UA at Wed Mar 14 2018 17:51:54 GMT+0100 (W. Europe Standard Time)
GET /blogs/eyJhbGciOiJIUzI1NiJ9.eyJfaWQiOiI1YWE5M2E1ODQ3ZWViNDI3MzQ1ZDc2MmUifQ.OZh9TTv2-wt_X7l_t58KM7MoCJyAXajsqdDRgVaj-UA at Wed Mar 14 2018 20:55:57 GMT+0100 (W. Europe Standard Time)
GET /blogs/eyJhbGciOiJIUzI1NiJ9.eyJfaWQiOiI1YWE5M2E1ODQ3ZWViNDI3MzQ1ZDc2MmUifQ.OZh9TTv2-wt_X7l_t58KM7MoCJyAXajsqdDRgVaj-UA at Wed Mar 14 2018 20:56:04 GMT+0100 (W. Europe Standard Time)
GET /blogs/eyJhbGciOiJIUzI1NiJ9.eyJfaWQiOiI1YWE5M2E1ODQ3ZWViNDI3MzQ1ZDc2MmUifQ.OZh9TTv2-wt_X7l_t58KM7MoCJyAXajsqdDRgVaj-UA at Wed Mar 14 2018 20:56:27 GMT+0100 (W. Europe Standard Time)
GET /blogs/eyJhbGciOiJIUzI1NiJ9.eyJfaWQiOiI1YWE5M2E1ODQ3ZWViNDI3MzQ1ZDc2MmUifQ.OZh9TTv2-wt_X7l_t58KM7MoCJyAXajsqdDRgVaj-UA at Wed Mar 14 2018 20:57:05 GMT+0100 (W. Europe Standard Time)
GET /blogs/eyJhbGciOiJIUzI1NiJ9.eyJfaWQiOiI1YWE5M2E1ODQ3ZWViNDI3MzQ1ZDc2MmUifQ.OZh9TTv2-wt_X7l_t58KM7MoCJyAXajsqdDRgVaj-UA at Wed Mar 14 2018 20:58:46 GMT+0100 (W. Europe Standard Time)
GET /blogs/eyJhbGciOiJIUzI1NiJ9.eyJfaWQiOiI1YWE5M2E1ODQ3ZWViNDI3MzQ1ZDc2MmUifQ.OZh9TTv2-wt_X7l_t58KM7MoCJyAXajsqdDRgVaj-UA at Wed Mar 14 2018 21:00:04 GMT+0100 (W. Europe Standard Time)
GET /blogs/eyJhbGciOiJIUzI1NiJ9.eyJfaWQiOiI1YWE5M2E1ODQ3ZWViNDI3MzQ1ZDc2MmUifQ.OZh9TTv2-wt_X7l_t58KM7MoCJyAXajsqdDRgVaj-UA at Wed Mar 14 2018 21:06:02 GMT+0100 (W. Europe Standard Time)
GET /blogs/eyJhbGciOiJIUzI1NiJ9.eyJfaWQiOiI1YWE5M2E1ODQ3ZWViNDI3MzQ1ZDc2MmUifQ.OZh9TTv2-wt_X7l_t58KM7MoCJyAXajsqdDRgVaj-UA at Wed Mar 14 2018 21:06:51 GMT+0100 (W. Europe Standard Time)
GET /blogs/eyJhbGciOiJIUzI1NiJ9.eyJfaWQiOiI1YWE5M2E1ODQ3ZWViNDI3MzQ1ZDc2MmUifQ.OZh9TTv2-wt_X7l_t58KM7MoCJyAXajsqdDRgVaj-UA at Wed Mar 14 2018 21:08:29 GMT+0100 (W. Europe Standard Time)
GET /blogs/eyJhbGciOiJIUzI1NiJ9.eyJfaWQiOiI1YWE5M2E1ODQ3ZWViNDI3MzQ1ZDc2MmUifQ.OZh9TTv2-wt_X7l_t58KM7MoCJyAXajsqdDRgVaj-UA at Wed Mar 14 2018 21:08:38 GMT+0100 (W. Europe Standard Time)
GET /blogs/eyJhbGciOiJIUzI1NiJ9.eyJfaWQiOiI1YWE5M2E1ODQ3ZWViNDI3MzQ1ZDc2MmUifQ.OZh9TTv2-wt_X7l_t58KM7MoCJyAXajsqdDRgVaj-UA at Wed Mar 14 2018 21:08:52 GMT+0100 (W. Europe Standard Time)
GET /blogs/eyJhbGciOiJIUzI1NiJ9.eyJfaWQiOiI1YWE5M2E1ODQ3ZWViNDI3MzQ1ZDc2MmUifQ.OZh9TTv2-wt_X7l_t58KM7MoCJyAXajsqdDRgVaj-UA at Wed Mar 14 2018 21:13:25 GMT+0100 (W. Europe Standard Time)
GET /blogs/eyJhbGciOiJIUzI1NiJ9.eyJfaWQiOiI1YWE5M2E1ODQ3ZWViNDI3MzQ1ZDc2MmUifQ.OZh9TTv2-wt_X7l_t58KM7MoCJyAXajsqdDRgVaj-UA at Wed Mar 14 2018 21:13:41 GMT+0100 (W. Europe Standard Time)
GET /blogs/eyJhbGciOiJIUzI1NiJ9.eyJfaWQiOiI1YWE5M2E1ODQ3ZWViNDI3MzQ1ZDc2MmUifQ.OZh9TTv2-wt_X7l_t58KM7MoCJyAXajsqdDRgVaj-UA at Wed Mar 14 2018 21:13:55 GMT+0100 (W. Europe Standard Time)
GET /blogs/eyJhbGciOiJIUzI1NiJ9.eyJfaWQiOiI1YWE5M2E1ODQ3ZWViNDI3MzQ1ZDc2MmUifQ.OZh9TTv2-wt_X7l_t58KM7MoCJyAXajsqdDRgVaj-UA at Wed Mar 14 2018 21:14:12 GMT+0100 (W. Europe Standard Time)
GET /blogs/eyJhbGciOiJIUzI1NiJ9.eyJfaWQiOiI1YWE5M2E1ODQ3ZWViNDI3MzQ1ZDc2MmUifQ.OZh9TTv2-wt_X7l_t58KM7MoCJyAXajsqdDRgVaj-UA at Wed Mar 14 2018 21:14:33 GMT+0100 (W. Europe Standard Time)
GET /blogs/eyJhbGciOiJIUzI1NiJ9.eyJfaWQiOiI1YWE5M2E1ODQ3ZWViNDI3MzQ1ZDc2MmUifQ.OZh9TTv2-wt_X7l_t58KM7MoCJyAXajsqdDRgVaj-UA at Wed Mar 14 2018 21:14:45 GMT+0100 (W. Europe Standard Time)
GET /blogs/eyJhbGciOiJIUzI1NiJ9.eyJfaWQiOiI1YWE5M2E1ODQ3ZWViNDI3MzQ1ZDc2MmUifQ.OZh9TTv2-wt_X7l_t58KM7MoCJyAXajsqdDRgVaj-UA at Wed Mar 14 2018 21:14:56 GMT+0100 (W. Europe Standard Time)
GET /blogs/eyJhbGciOiJIUzI1NiJ9.eyJfaWQiOiI1YWE5M2E1ODQ3ZWViNDI3MzQ1ZDc2MmUifQ.OZh9TTv2-wt_X7l_t58KM7MoCJyAXajsqdDRgVaj-UA at Wed Mar 14 2018 21:15:45 GMT+0100 (W. Europe Standard Time)
GET /blogs/eyJhbGciOiJIUzI1NiJ9.eyJfaWQiOiI1YWE5M2E1ODQ3ZWViNDI3MzQ1ZDc2MmUifQ.OZh9TTv2-wt_X7l_t58KM7MoCJyAXajsqdDRgVaj-UA at Wed Mar 14 2018 21:16:16 GMT+0100 (W. Europe Standard Time)
GET /blogs/eyJhbGciOiJIUzI1NiJ9.eyJfaWQiOiI1YWE5M2E1ODQ3ZWViNDI3MzQ1ZDc2MmUifQ.OZh9TTv2-wt_X7l_t58KM7MoCJyAXajsqdDRgVaj-UA at Wed Mar 14 2018 21:16:45 GMT+0100 (W. Europe Standard Time)
GET /blogs/eyJhbGciOiJIUzI1NiJ9.eyJfaWQiOiI1YWE5M2E1ODQ3ZWViNDI3MzQ1ZDc2MmUifQ.OZh9TTv2-wt_X7l_t58KM7MoCJyAXajsqdDRgVaj-UA at Wed Mar 14 2018 21:16:56 GMT+0100 (W. Europe Standard Time)
GET /blogs/eyJhbGciOiJIUzI1NiJ9.eyJfaWQiOiI1YWE5M2E1ODQ3ZWViNDI3MzQ1ZDc2MmUifQ.OZh9TTv2-wt_X7l_t58KM7MoCJyAXajsqdDRgVaj-UA at Wed Mar 14 2018 21:17:17 GMT+0100 (W. Europe Standard Time)
GET /blogs/eyJhbGciOiJIUzI1NiJ9.eyJfaWQiOiI1YWE5M2E1ODQ3ZWViNDI3MzQ1ZDc2MmUifQ.OZh9TTv2-wt_X7l_t58KM7MoCJyAXajsqdDRgVaj-UA at Wed Mar 14 2018 21:17:34 GMT+0100 (W. Europe Standard Time)
GET /blogs/eyJhbGciOiJIUzI1NiJ9.eyJfaWQiOiI1YWE5M2E1ODQ3ZWViNDI3MzQ1ZDc2MmUifQ.OZh9TTv2-wt_X7l_t58KM7MoCJyAXajsqdDRgVaj-UA at Wed Mar 14 2018 21:18:30 GMT+0100 (W. Europe Standard Time)
GET /blogs/eyJhbGciOiJIUzI1NiJ9.eyJfaWQiOiI1YWE5M2E1ODQ3ZWViNDI3MzQ1ZDc2MmUifQ.OZh9TTv2-wt_X7l_t58KM7MoCJyAXajsqdDRgVaj-UA at Wed Mar 14 2018 21:18:44 GMT+0100 (W. Europe Standard Time)
GET /blogs/eyJhbGciOiJIUzI1NiJ9.eyJfaWQiOiI1YWE5M2E1ODQ3ZWViNDI3MzQ1ZDc2MmUifQ.OZh9TTv2-wt_X7l_t58KM7MoCJyAXajsqdDRgVaj-UA at Wed Mar 14 2018 21:21:22 GMT+0100 (W. Europe Standard Time)
GET /blogs/eyJhbGciOiJIUzI1NiJ9.eyJfaWQiOiI1YWE5M2E1ODQ3ZWViNDI3MzQ1ZDc2MmUifQ.OZh9TTv2-wt_X7l_t58KM7MoCJyAXajsqdDRgVaj-UA at Wed Mar 14 2018 21:21:37 GMT+0100 (W. Europe Standard Time)
GET /blogs/eyJhbGciOiJIUzI1NiJ9.eyJfaWQiOiI1YWE5M2E1ODQ3ZWViNDI3MzQ1ZDc2MmUifQ.OZh9TTv2-wt_X7l_t58KM7MoCJyAXajsqdDRgVaj-UA at Wed Mar 14 2018 21:23:05 GMT+0100 (W. Europe Standard Time)
GET /blogs/eyJhbGciOiJIUzI1NiJ9.eyJfaWQiOiI1YWE5M2E1ODQ3ZWViNDI3MzQ1ZDc2MmUifQ.OZh9TTv2-wt_X7l_t58KM7MoCJyAXajsqdDRgVaj-UA at Wed Mar 14 2018 21:26:52 GMT+0100 (W. Europe Standard Time)
GET /blogs/eyJhbGciOiJIUzI1NiJ9.eyJfaWQiOiI1YWE5M2E1ODQ3ZWViNDI3MzQ1ZDc2MmUifQ.OZh9TTv2-wt_X7l_t58KM7MoCJyAXajsqdDRgVaj-UA at Wed Mar 14 2018 21:40:22 GMT+0100 (W. Europe Standard Time)
GET /blogs/eyJhbGciOiJIUzI1NiJ9.eyJfaWQiOiI1YWE5M2E1ODQ3ZWViNDI3MzQ1ZDc2MmUifQ.OZh9TTv2-wt_X7l_t58KM7MoCJyAXajsqdDRgVaj-UA at Wed Mar 14 2018 21:40:37 GMT+0100 (W. Europe Standard Time)
GET /blogs/style/style.css at Wed Mar 14 2018 21:40:37 GMT+0100 (W. Europe Standard Time)
GET /blogs/style/style.css at Wed Mar 14 2018 21:40:44 GMT+0100 (W. Europe Standard Time)
GET /blogs/eyJhbGciOiJIUzI1NiJ9.eyJfaWQiOiI1YWE5M2E1ODQ3ZWViNDI3MzQ1ZDc2MmUifQ.OZh9TTv2-wt_X7l_t58KM7MoCJyAXajsqdDRgVaj-UA at Wed Mar 14 2018 21:41:11 GMT+0100 (W. Europe Standard Time)
GET /blogs/style/style.css at Wed Mar 14 2018 21:41:11 GMT+0100 (W. Europe Standard Time)
GET /blogs/eyJhbGciOiJIUzI1NiJ9.eyJfaWQiOiI1YWE5M2E1ODQ3ZWViNDI3MzQ1ZDc2MmUifQ.OZh9TTv2-wt_X7l_t58KM7MoCJyAXajsqdDRgVaj-UA at Wed Mar 14 2018 21:41:56 GMT+0100 (W. Europe Standard Time)
GET /blogs/style/style.css at Wed Mar 14 2018 21:41:56 GMT+0100 (W. Europe Standard Time)
GET /blogs/eyJhbGciOiJIUzI1NiJ9.eyJfaWQiOiI1YWE5M2E1ODQ3ZWViNDI3MzQ1ZDc2MmUifQ.OZh9TTv2-wt_X7l_t58KM7MoCJyAXajsqdDRgVaj-UA at Wed Mar 14 2018 21:42:17 GMT+0100 (W. Europe Standard Time)
GET /blogs/style/style.css at Wed Mar 14 2018 21:42:17 GMT+0100 (W. Europe Standard Time)
GET /blogs/eyJhbGciOiJIUzI1NiJ9.eyJfaWQiOiI1YWE5M2E1ODQ3ZWViNDI3MzQ1ZDc2MmUifQ.OZh9TTv2-wt_X7l_t58KM7MoCJyAXajsqdDRgVaj-UA at Wed Mar 14 2018 21:42:30 GMT+0100 (W. Europe Standard Time)
GET /blogs/style/style.css at Wed Mar 14 2018 21:42:30 GMT+0100 (W. Europe Standard Time)
GET /blogs/eyJhbGciOiJIUzI1NiJ9.eyJfaWQiOiI1YWE5M2E1ODQ3ZWViNDI3MzQ1ZDc2MmUifQ.OZh9TTv2-wt_X7l_t58KM7MoCJyAXajsqdDRgVaj-UA at Wed Mar 14 2018 21:42:41 GMT+0100 (W. Europe Standard Time)
GET /blogs/eyJhbGciOiJIUzI1NiJ9.eyJfaWQiOiI1YWE5M2E1ODQ3ZWViNDI3MzQ1ZDc2MmUifQ.OZh9TTv2-wt_X7l_t58KM7MoCJyAXajsqdDRgVaj-UA at Wed Mar 14 2018 21:42:50 GMT+0100 (W. Europe Standard Time)
GET /blogs/style.css at Wed Mar 14 2018 21:42:50 GMT+0100 (W. Europe Standard Time)
GET /blogs/eyJhbGciOiJIUzI1NiJ9.eyJfaWQiOiI1YWE5M2E1ODQ3ZWViNDI3MzQ1ZDc2MmUifQ.OZh9TTv2-wt_X7l_t58KM7MoCJyAXajsqdDRgVaj-UA at Wed Mar 14 2018 21:43:40 GMT+0100 (W. Europe Standard Time)
GET /style.css at Wed Mar 14 2018 21:43:40 GMT+0100 (W. Europe Standard Time)
GET /blogs/eyJhbGciOiJIUzI1NiJ9.eyJfaWQiOiI1YWE5M2E1ODQ3ZWViNDI3MzQ1ZDc2MmUifQ.OZh9TTv2-wt_X7l_t58KM7MoCJyAXajsqdDRgVaj-UA at Wed Mar 14 2018 21:44:08 GMT+0100 (W. Europe Standard Time)
GET /blogs/eyJhbGciOiJIUzI1NiJ9.eyJfaWQiOiI1YWE5M2E1ODQ3ZWViNDI3MzQ1ZDc2MmUifQ.OZh9TTv2-wt_X7l_t58KM7MoCJyAXajsqdDRgVaj-UA at Wed Mar 14 2018 21:44:24 GMT+0100 (W. Europe Standard Time)
GET /style/style.css at Wed Mar 14 2018 21:44:24 GMT+0100 (W. Europe Standard Time)
GET /blogs/eyJhbGciOiJIUzI1NiJ9.eyJfaWQiOiI1YWE5M2E1ODQ3ZWViNDI3MzQ1ZDc2MmUifQ.OZh9TTv2-wt_X7l_t58KM7MoCJyAXajsqdDRgVaj-UA at Wed Mar 14 2018 21:44:42 GMT+0100 (W. Europe Standard Time)
GET /style/style.css at Wed Mar 14 2018 21:44:42 GMT+0100 (W. Europe Standard Time)
GET /blogs/eyJhbGciOiJIUzI1NiJ9.eyJfaWQiOiI1YWE5M2E1ODQ3ZWViNDI3MzQ1ZDc2MmUifQ.OZh9TTv2-wt_X7l_t58KM7MoCJyAXajsqdDRgVaj-UA at Wed Mar 14 2018 21:44:49 GMT+0100 (W. Europe Standard Time)
GET /style/style.css at Wed Mar 14 2018 21:44:49 GMT+0100 (W. Europe Standard Time)
GET /blogs/eyJhbGciOiJIUzI1NiJ9.eyJfaWQiOiI1YWE5M2E1ODQ3ZWViNDI3MzQ1ZDc2MmUifQ.OZh9TTv2-wt_X7l_t58KM7MoCJyAXajsqdDRgVaj-UA at Wed Mar 14 2018 21:45:31 GMT+0100 (W. Europe Standard Time)
GET /blogs/eyJhbGciOiJIUzI1NiJ9.eyJfaWQiOiI1YWE5M2E1ODQ3ZWViNDI3MzQ1ZDc2MmUifQ.OZh9TTv2-wt_X7l_t58KM7MoCJyAXajsqdDRgVaj-UA at Wed Mar 14 2018 21:47:26 GMT+0100 (W. Europe Standard Time)
GET /blogs/eyJhbGciOiJIUzI1NiJ9.eyJfaWQiOiI1YWE5M2E1ODQ3ZWViNDI3MzQ1ZDc2MmUifQ.OZh9TTv2-wt_X7l_t58KM7MoCJyAXajsqdDRgVaj-UA at Wed Mar 14 2018 21:48:14 GMT+0100 (W. Europe Standard Time)
GET /blogs/eyJhbGciOiJIUzI1NiJ9.eyJfaWQiOiI1YWE5M2E1ODQ3ZWViNDI3MzQ1ZDc2MmUifQ.OZh9TTv2-wt_X7l_t58KM7MoCJyAXajsqdDRgVaj-UA at Wed Mar 14 2018 21:48:23 GMT+0100 (W. Europe Standard Time)
GET /blogs/eyJhbGciOiJIUzI1NiJ9.eyJfaWQiOiI1YWE5M2E1ODQ3ZWViNDI3MzQ1ZDc2MmUifQ.OZh9TTv2-wt_X7l_t58KM7MoCJyAXajsqdDRgVaj-UA at Wed Mar 14 2018 21:48:26 GMT+0100 (W. Europe Standard Time)
GET /blogs/eyJhbGciOiJIUzI1NiJ9.eyJfaWQiOiI1YWE5M2E1ODQ3ZWViNDI3MzQ1ZDc2MmUifQ.OZh9TTv2-wt_X7l_t58KM7MoCJyAXajsqdDRgVaj-UA at Wed Mar 14 2018 21:48:35 GMT+0100 (W. Europe Standard Time)
GET /blogs/eyJhbGciOiJIUzI1NiJ9.eyJfaWQiOiI1YWE5M2E1ODQ3ZWViNDI3MzQ1ZDc2MmUifQ.OZh9TTv2-wt_X7l_t58KM7MoCJyAXajsqdDRgVaj-UA at Wed Mar 14 2018 21:48:50 GMT+0100 (W. Europe Standard Time)
GET /blogs/eyJhbGciOiJIUzI1NiJ9.eyJfaWQiOiI1YWE5M2E1ODQ3ZWViNDI3MzQ1ZDc2MmUifQ.OZh9TTv2-wt_X7l_t58KM7MoCJyAXajsqdDRgVaj-UA at Wed Mar 14 2018 21:49:06 GMT+0100 (W. Europe Standard Time)
GET /blogs/eyJhbGciOiJIUzI1NiJ9.eyJfaWQiOiI1YWE5M2E1ODQ3ZWViNDI3MzQ1ZDc2MmUifQ.OZh9TTv2-wt_X7l_t58KM7MoCJyAXajsqdDRgVaj-UA at Wed Mar 14 2018 21:49:14 GMT+0100 (W. Europe Standard Time)
GET /blogs/eyJhbGciOiJIUzI1NiJ9.eyJfaWQiOiI1YWE5M2E1ODQ3ZWViNDI3MzQ1ZDc2MmUifQ.OZh9TTv2-wt_X7l_t58KM7MoCJyAXajsqdDRgVaj-UA at Wed Mar 14 2018 21:49:23 GMT+0100 (W. Europe Standard Time)
GET /blogs/eyJhbGciOiJIUzI1NiJ9.eyJfaWQiOiI1YWE5M2E1ODQ3ZWViNDI3MzQ1ZDc2MmUifQ.OZh9TTv2-wt_X7l_t58KM7MoCJyAXajsqdDRgVaj-UA at Wed Mar 14 2018 22:05:33 GMT+0100 (W. Europe Standard Time)
GET /blogs/eyJhbGciOiJIUzI1NiJ9.eyJfaWQiOiI1YWE5M2E1ODQ3ZWViNDI3MzQ1ZDc2MmUifQ.OZh9TTv2-wt_X7l_t58KM7MoCJyAXajsqdDRgVaj-UA at Wed Mar 14 2018 22:09:26 GMT+0100 (W. Europe Standard Time)
GET /blogs/eyJhbGciOiJIUzI1NiJ9.eyJfaWQiOiI1YWE5M2E1ODQ3ZWViNDI3MzQ1ZDc2MmUifQ.OZh9TTv2-wt_X7l_t58KM7MoCJyAXajsqdDRgVaj-UA at Wed Mar 14 2018 22:09:48 GMT+0100 (W. Europe Standard Time)
GET /blogs/eyJhbGciOiJIUzI1NiJ9.eyJfaWQiOiI1YWE5M2E1ODQ3ZWViNDI3MzQ1ZDc2MmUifQ.OZh9TTv2-wt_X7l_t58KM7MoCJyAXajsqdDRgVaj-UA at Wed Mar 14 2018 22:14:33 GMT+0100 (W. Europe Standard Time)
GET /blogs/eyJhbGciOiJIUzI1NiJ9.eyJfaWQiOiI1YWE5M2E1ODQ3ZWViNDI3MzQ1ZDc2MmUifQ.OZh9TTv2-wt_X7l_t58KM7MoCJyAXajsqdDRgVaj-UA at Wed Mar 14 2018 22:15:14 GMT+0100 (W. Europe Standard Time)
GET /blogs/eyJhbGciOiJIUzI1NiJ9.eyJfaWQiOiI1YWE5M2E1ODQ3ZWViNDI3MzQ1ZDc2MmUifQ.OZh9TTv2-wt_X7l_t58KM7MoCJyAXajsqdDRgVaj-UA at Wed Mar 14 2018 22:15:29 GMT+0100 (W. Europe Standard Time)
GET /blogs/eyJhbGciOiJIUzI1NiJ9.eyJfaWQiOiI1YWE5M2E1ODQ3ZWViNDI3MzQ1ZDc2MmUifQ.OZh9TTv2-wt_X7l_t58KM7MoCJyAXajsqdDRgVaj-UA at Wed Mar 14 2018 22:16:23 GMT+0100 (W. Europe Standard Time)
GET /style.css at Wed Mar 14 2018 22:17:18 GMT+0100 (W. Europe Standard Time)
POST /users/login at Wed Mar 14 2018 22:18:01 GMT+0100 (W. Europe Standard Time)
GET /blogs/eyJhbGciOiJIUzI1NiJ9.eyJfaWQiOiI1YWE5M2E1ODQ3ZWViNDI3MzQ1ZDc2MmUifQ.OZh9TTv2-wt_X7l_t58KM7MoCJyAXajsqdDRgVaj-UA at Wed Mar 14 2018 22:18:01 GMT+0100 (W. Europe Standard Time)
GET /blogs/ at Wed Mar 14 2018 22:19:38 GMT+0100 (W. Europe Standard Time)
GET /blogs at Wed Mar 14 2018 22:26:11 GMT+0100 (W. Europe Standard Time)
GET /favicon.ico at Thu Mar 15 2018 10:11:03 GMT+0100 (W. Europe Standard Time)
POST /users/login at Thu Mar 15 2018 10:11:07 GMT+0100 (W. Europe Standard Time)
POST /users/signup at Thu Mar 15 2018 10:12:56 GMT+0100 (W. Europe Standard Time)
POST /users/login at Thu Mar 15 2018 10:13:08 GMT+0100 (W. Europe Standard Time)
GET /blogs/eyJhbGciOiJIUzI1NiJ9.eyJfaWQiOiI1YWFhMzkxODFiYWJjMTJmNTg4YTYzODAifQ.fE5usvn8wIr_5-strUN5hKdk1DI-LEbe320dzaqHyjE at Thu Mar 15 2018 10:13:08 GMT+0100 (W. Europe Standard Time)
GET /blogs/ at Thu Mar 15 2018 10:17:05 GMT+0100 (W. Europe Standard Time)
GET /blogs/ at Thu Mar 15 2018 10:17:41 GMT+0100 (W. Europe Standard Time)
GET /blogs/ at Thu Mar 15 2018 10:18:00 GMT+0100 (W. Europe Standard Time)
POST /users/login at Thu Mar 15 2018 10:35:57 GMT+0100 (W. Europe Standard Time)
GET /blogs at Thu Mar 15 2018 10:35:57 GMT+0100 (W. Europe Standard Time)
POST /users/login at Thu Mar 15 2018 10:38:06 GMT+0100 (W. Europe Standard Time)
POST /users/login at Thu Mar 15 2018 10:38:59 GMT+0100 (W. Europe Standard Time)
GET /blogs at Thu Mar 15 2018 10:40:43 GMT+0100 (W. Europe Standard Time)
GET /blog at Thu Mar 15 2018 11:41:20 GMT+0100 (W. Europe Standard Time)
GET /blog/5aaa38ce03b4bf2de43ebc82 at Thu Mar 15 2018 11:47:51 GMT+0100 (W. Europe Standard Time)
GET /blog/5aaa38ce03b4bf2de43ebc82 at Thu Mar 15 2018 11:58:35 GMT+0100 (W. Europe Standard Time)
GET /blog/5aaa38ce03b4bf2de43ebc82 at Thu Mar 15 2018 12:00:22 GMT+0100 (W. Europe Standard Time)
GET /blog/5aaa38ce03b4bf2de43ebc82 at Thu Mar 15 2018 12:01:06 GMT+0100 (W. Europe Standard Time)
GET /blog/5aaa38ce03b4bf2de43ebc82 at Thu Mar 15 2018 12:03:58 GMT+0100 (W. Europe Standard Time)
GET /blogs at Thu Mar 15 2018 12:09:26 GMT+0100 (W. Europe Standard Time)
GET /blogs at Thu Mar 15 2018 12:09:50 GMT+0100 (W. Europe Standard Time)
GET /blog/5aaa38ce03b4bf2de43ebc82 at Thu Mar 15 2018 12:10:05 GMT+0100 (W. Europe Standard Time)
GET /blog/5aaa38ce03b4bf2de43ebc82 at Thu Mar 15 2018 12:12:25 GMT+0100 (W. Europe Standard Time)
GET /blog/5aaa38ce03b4bf2de43ebc82 at Thu Mar 15 2018 12:12:40 GMT+0100 (W. Europe Standard Time)
GET /blog/5aaa38ce03b4bf2de43ebc82 at Thu Mar 15 2018 12:12:54 GMT+0100 (W. Europe Standard Time)
GET /blog/5aaa38ce03b4bf2de43eb at Thu Mar 15 2018 12:15:57 GMT+0100 (W. Europe Standard Time)
GET /blog/5aaa38ce03b4bf2de43eb at Thu Mar 15 2018 12:16:14 GMT+0100 (W. Europe Standard Time)
GET /blog/5aaa38ce03b4bf2de43eb at Thu Mar 15 2018 12:16:26 GMT+0100 (W. Europe Standard Time)
GET /blog/5aaa38ce03b4bf2de43eb at Thu Mar 15 2018 12:16:32 GMT+0100 (W. Europe Standard Time)
GET /blog/5aaa38ce03b4bf2de43eb at Thu Mar 15 2018 12:19:12 GMT+0100 (W. Europe Standard Time)
GET /blog/5aaa38ce03b4bf2de43eb at Thu Mar 15 2018 12:19:27 GMT+0100 (W. Europe Standard Time)
GET /blog/5aaa38ce03b4bf2de43ebc82 at Thu Mar 15 2018 12:19:33 GMT+0100 (W. Europe Standard Time)
GET /blogs at Thu Mar 15 2018 14:39:44 GMT+0100 (W. Europe Standard Time)
GET /blog/5aaa38ce03b4bf2de43ebc84 at Thu Mar 15 2018 14:39:58 GMT+0100 (W. Europe Standard Time)
GET /blog/5aaa38ce03b4bf2de43ebc86 at Thu Mar 15 2018 14:40:05 GMT+0100 (W. Europe Standard Time)
GET /blog/5aaa38ce03b4bf2de43ebc86 at Thu Mar 15 2018 14:42:52 GMT+0100 (W. Europe Standard Time)
GET /blog/5aaa38ce03b4bf2de43ebc82 at Thu Mar 15 2018 14:42:57 GMT+0100 (W. Europe Standard Time)
GET /blog/5aaa38ce03b4bf2de43ebc83 at Thu Mar 15 2018 14:43:03 GMT+0100 (W. Europe Standard Time)
GET /blog/5aaa38ce03b4bf2de43ebc85 at Thu Mar 15 2018 14:43:07 GMT+0100 (W. Europe Standard Time)
GET /blogs at Thu Mar 15 2018 14:43:49 GMT+0100 (W. Europe Standard Time)
GET /blogs at Thu Mar 15 2018 14:43:58 GMT+0100 (W. Europe Standard Time)
GET /blog/5aaa38ce03b4bf2de43ebc82 at Thu Mar 15 2018 14:44:00 GMT+0100 (W. Europe Standard Time)
GET /blog/5aaa38ce03b4bf2de43ebc87 at Thu Mar 15 2018 14:44:08 GMT+0100 (W. Europe Standard Time)
GET /blog/5aaa38ce03b4bf2de43ebc82 at Thu Mar 15 2018 14:46:31 GMT+0100 (W. Europe Standard Time)
